mode: set
github.com/Shobhitdimri01/envgaurd/internal/utils/utils.go:10.74,14.32 4 0
github.com/Shobhitdimri01/envgaurd/internal/utils/utils.go:14.32,20.10 6 0
github.com/Shobhitdimri01/envgaurd/internal/utils/utils.go:20.10,21.90 1 0
github.com/Shobhitdimri01/envgaurd/internal/utils/utils.go:23.3,24.17 2 0
github.com/Shobhitdimri01/envgaurd/internal/utils/utils.go:26.2,27.24 2 0
github.com/Shobhitdimri01/envgaurd/internal/utils/utils.go:30.42,33.30 2 0
github.com/Shobhitdimri01/envgaurd/internal/utils/utils.go:33.30,34.34 1 0
github.com/Shobhitdimri01/envgaurd/internal/utils/utils.go:34.34,36.4 1 0
github.com/Shobhitdimri01/envgaurd/internal/utils/utils.go:37.3,37.31 1 0
github.com/Shobhitdimri01/envgaurd/internal/utils/utils.go:37.31,39.4 1 0
github.com/Shobhitdimri01/envgaurd/internal/utils/utils.go:41.2,41.29 1 0
github.com/Shobhitdimri01/envgaurd/internal/validate/parse.go:14.65,16.16 2 0
github.com/Shobhitdimri01/envgaurd/internal/validate/parse.go:16.16,18.3 1 0
github.com/Shobhitdimri01/envgaurd/internal/validate/parse.go:19.2,22.21 3 0
github.com/Shobhitdimri01/envgaurd/internal/validate/parse.go:22.21,24.49 2 0
github.com/Shobhitdimri01/envgaurd/internal/validate/parse.go:24.49,25.12 1 0
github.com/Shobhitdimri01/envgaurd/internal/validate/parse.go:28.3,29.22 2 0
github.com/Shobhitdimri01/envgaurd/internal/validate/parse.go:29.22,30.12 1 0
github.com/Shobhitdimri01/envgaurd/internal/validate/parse.go:32.3,36.16 4 0
github.com/Shobhitdimri01/envgaurd/internal/validate/parse.go:38.2,38.38 1 0
github.com/Shobhitdimri01/envgaurd/internal/validate/parse.go:38.38,40.3 1 0
github.com/Shobhitdimri01/envgaurd/internal/validate/parse.go:41.2,41.12 1 0
github.com/Shobhitdimri01/envgaurd/internal/validate/parse.go:44.52,46.9 2 0
github.com/Shobhitdimri01/envgaurd/internal/validate/parse.go:46.9,48.3 1 0
github.com/Shobhitdimri01/envgaurd/internal/validate/parse.go:49.2,50.26 2 0
github.com/Shobhitdimri01/envgaurd/internal/validate/parse.go:50.26,52.3 1 0
github.com/Shobhitdimri01/envgaurd/internal/validate/parse.go:53.2,55.25 3 0
github.com/Shobhitdimri01/envgaurd/internal/validate/parse.go:58.50,60.9 2 0
github.com/Shobhitdimri01/envgaurd/internal/validate/parse.go:60.9,62.3 1 0
github.com/Shobhitdimri01/envgaurd/internal/validate/parse.go:63.2,64.26 2 0
github.com/Shobhitdimri01/envgaurd/internal/validate/parse.go:64.26,66.3 1 0
github.com/Shobhitdimri01/envgaurd/internal/validate/parse.go:67.2,69.32 2 0
github.com/Shobhitdimri01/envgaurd/internal/validate/parse.go:69.32,71.17 2 0
github.com/Shobhitdimri01/envgaurd/internal/validate/parse.go:71.17,72.12 1 0
github.com/Shobhitdimri01/envgaurd/internal/validate/parse.go:74.3,74.37 1 0
github.com/Shobhitdimri01/envgaurd/internal/validate/parse.go:76.2,76.23 1 0
github.com/Shobhitdimri01/envgaurd/internal/validate/parse.go:79.59,82.16 3 0
github.com/Shobhitdimri01/envgaurd/internal/validate/parse.go:82.16,84.3 1 0
github.com/Shobhitdimri01/envgaurd/internal/validate/parse.go:85.2,85.21 1 0
github.com/Shobhitdimri01/envgaurd/internal/validate/validate.go:9.42,10.20 1 0
github.com/Shobhitdimri01/envgaurd/internal/validate/validate.go:11.11,13.17 2 0
github.com/Shobhitdimri01/envgaurd/internal/validate/validate.go:13.17,14.49 1 0
github.com/Shobhitdimri01/envgaurd/internal/validate/validate.go:16.3,16.13 1 0
github.com/Shobhitdimri01/envgaurd/internal/validate/validate.go:17.12,19.17 2 0
github.com/Shobhitdimri01/envgaurd/internal/validate/validate.go:19.17,20.49 1 0
github.com/Shobhitdimri01/envgaurd/internal/validate/validate.go:22.3,22.13 1 0
github.com/Shobhitdimri01/envgaurd/internal/validate/validate.go:23.14,24.15 1 0
github.com/Shobhitdimri01/envgaurd/internal/validate/validate.go:25.15,27.17 2 0
github.com/Shobhitdimri01/envgaurd/internal/validate/validate.go:27.17,28.48 1 0
github.com/Shobhitdimri01/envgaurd/internal/validate/validate.go:30.3,30.13 1 0
github.com/Shobhitdimri01/envgaurd/internal/validate/validate.go:31.16,33.17 2 0
github.com/Shobhitdimri01/envgaurd/internal/validate/validate.go:33.17,34.22 1 0
github.com/Shobhitdimri01/envgaurd/internal/validate/validate.go:36.3,36.13 1 0
github.com/Shobhitdimri01/envgaurd/internal/validate/validate.go:37.13,39.17 2 0
github.com/Shobhitdimri01/envgaurd/internal/validate/validate.go:39.17,40.22 1 0
github.com/Shobhitdimri01/envgaurd/internal/validate/validate.go:42.3,42.13 1 0
github.com/Shobhitdimri01/envgaurd/internal/validate/validate.go:43.22,45.17 2 0
github.com/Shobhitdimri01/envgaurd/internal/validate/validate.go:45.17,46.14 1 0
github.com/Shobhitdimri01/envgaurd/internal/validate/validate.go:48.3,48.13 1 0
github.com/Shobhitdimri01/envgaurd/internal/validate/validate.go:49.10,50.66 1 0
github.com/Shobhitdimri01/envgaurd/envgaurd.go:26.40,27.32 1 1
github.com/Shobhitdimri01/envgaurd/envgaurd.go:27.32,30.3 2 1
github.com/Shobhitdimri01/envgaurd/envgaurd.go:35.30,37.59 2 1
github.com/Shobhitdimri01/envgaurd/envgaurd.go:37.59,38.27 1 1
github.com/Shobhitdimri01/envgaurd/envgaurd.go:38.27,40.4 1 1
github.com/Shobhitdimri01/envgaurd/envgaurd.go:42.2,42.16 1 1
github.com/Shobhitdimri01/envgaurd/envgaurd.go:42.16,44.3 1 0
github.com/Shobhitdimri01/envgaurd/envgaurd.go:45.2,46.12 2 1
github.com/Shobhitdimri01/envgaurd/envgaurd.go:50.34,52.59 2 1
github.com/Shobhitdimri01/envgaurd/envgaurd.go:52.59,54.3 1 1
github.com/Shobhitdimri01/envgaurd/envgaurd.go:55.2,55.16 1 1
github.com/Shobhitdimri01/envgaurd/envgaurd.go:55.16,57.3 1 0
github.com/Shobhitdimri01/envgaurd/envgaurd.go:58.2,60.12 3 1
github.com/Shobhitdimri01/envgaurd/envgaurd.go:64.75,68.59 2 0
github.com/Shobhitdimri01/envgaurd/envgaurd.go:68.59,70.3 1 0
github.com/Shobhitdimri01/envgaurd/envgaurd.go:71.2,71.16 1 0
github.com/Shobhitdimri01/envgaurd/envgaurd.go:71.16,72.56 1 0
github.com/Shobhitdimri01/envgaurd/envgaurd.go:75.2,75.35 1 0
github.com/Shobhitdimri01/envgaurd/envgaurd.go:75.35,76.35 1 0
github.com/Shobhitdimri01/envgaurd/envgaurd.go:76.35,77.72 1 0
github.com/Shobhitdimri01/envgaurd/envgaurd.go:78.9,78.23 1 0
github.com/Shobhitdimri01/envgaurd/envgaurd.go:78.23,79.65 1 0
github.com/Shobhitdimri01/envgaurd/envgaurd.go:83.2,84.12 2 0
github.com/Shobhitdimri01/envgaurd/envgaurd.go:89.27,90.26 1 0
github.com/Shobhitdimri01/envgaurd/envgaurd.go:90.26,91.58 1 0
github.com/Shobhitdimri01/envgaurd/envgaurd.go:96.45,98.17 2 0
github.com/Shobhitdimri01/envgaurd/envgaurd.go:98.17,100.3 1 0
github.com/Shobhitdimri01/envgaurd/envgaurd.go:101.2,103.9 3 0
github.com/Shobhitdimri01/envgaurd/envgaurd.go:103.9,105.3 1 0
github.com/Shobhitdimri01/envgaurd/envgaurd.go:106.2,106.15 1 0
github.com/Shobhitdimri01/envgaurd/envgaurd.go:111.51,113.17 2 0
github.com/Shobhitdimri01/envgaurd/envgaurd.go:113.17,115.3 1 0
github.com/Shobhitdimri01/envgaurd/envgaurd.go:116.2,118.9 3 0
github.com/Shobhitdimri01/envgaurd/envgaurd.go:118.9,120.3 1 0
github.com/Shobhitdimri01/envgaurd/envgaurd.go:121.2,121.15 1 0
github.com/Shobhitdimri01/envgaurd/envgaurd.go:124.48,126.17 2 0
github.com/Shobhitdimri01/envgaurd/envgaurd.go:126.17,128.3 1 0
github.com/Shobhitdimri01/envgaurd/envgaurd.go:129.2,131.9 3 0
github.com/Shobhitdimri01/envgaurd/envgaurd.go:131.9,133.3 1 0
github.com/Shobhitdimri01/envgaurd/envgaurd.go:134.2,134.16 1 0
github.com/Shobhitdimri01/envgaurd/envgaurd.go:138.57,140.17 2 0
github.com/Shobhitdimri01/envgaurd/envgaurd.go:140.17,142.3 1 0
github.com/Shobhitdimri01/envgaurd/envgaurd.go:143.2,145.9 3 0
github.com/Shobhitdimri01/envgaurd/envgaurd.go:145.9,147.3 1 0
github.com/Shobhitdimri01/envgaurd/envgaurd.go:148.2,148.17 1 0
github.com/Shobhitdimri01/envgaurd/envgaurd.go:153.63,155.17 2 0
github.com/Shobhitdimri01/envgaurd/envgaurd.go:155.17,157.3 1 0
github.com/Shobhitdimri01/envgaurd/envgaurd.go:158.2,160.9 3 0
github.com/Shobhitdimri01/envgaurd/envgaurd.go:160.9,162.3 1 0
github.com/Shobhitdimri01/envgaurd/envgaurd.go:163.2,163.20 1 0
github.com/Shobhitdimri01/envgaurd/envgaurd.go:168.58,170.17 2 0
github.com/Shobhitdimri01/envgaurd/envgaurd.go:170.17,172.3 1 0
github.com/Shobhitdimri01/envgaurd/envgaurd.go:173.2,175.9 3 0
github.com/Shobhitdimri01/envgaurd/envgaurd.go:175.9,177.3 1 0
github.com/Shobhitdimri01/envgaurd/envgaurd.go:178.2,178.20 1 0
github.com/Shobhitdimri01/envgaurd/envgaurd.go:182.72,184.17 2 0
github.com/Shobhitdimri01/envgaurd/envgaurd.go:184.17,186.3 1 0
github.com/Shobhitdimri01/envgaurd/envgaurd.go:187.2,189.9 3 0
github.com/Shobhitdimri01/envgaurd/envgaurd.go:189.9,191.3 1 0
github.com/Shobhitdimri01/envgaurd/envgaurd.go:192.2,192.18 1 0
github.com/Shobhitdimri01/envgaurd/envgaurd.go:196.64,200.26 3 0
github.com/Shobhitdimri01/envgaurd/envgaurd.go:200.26,201.104 1 0
github.com/Shobhitdimri01/envgaurd/envgaurd.go:204.2,205.15 2 0
github.com/Shobhitdimri01/envgaurd/envgaurd.go:210.21,211.35 1 0
github.com/Shobhitdimri01/envgaurd/envgaurd.go:211.35,215.9 4 0
github.com/Shobhitdimri01/envgaurd/envgaurd.go:215.9,217.20 2 0
github.com/Shobhitdimri01/envgaurd/envgaurd.go:217.20,219.5 1 0
github.com/Shobhitdimri01/envgaurd/envgaurd.go:220.4,220.40 1 0
github.com/Shobhitdimri01/envgaurd/envgaurd.go:226.30,227.38 1 0
github.com/Shobhitdimri01/envgaurd/envgaurd.go:227.38,229.3 1 0
github.com/Shobhitdimri01/envgaurd/envgaurd.go:230.2,230.25 1 0
github.com/Shobhitdimri01/envgaurd/envgaurd.go:230.25,233.10 3 0
github.com/Shobhitdimri01/envgaurd/envgaurd.go:233.10,234.70 1 0
github.com/Shobhitdimri01/envgaurd/envgaurd.go:236.3,239.4 1 0
github.com/Shobhitdimri01/envgaurd/envgaurd.go:244.32,245.27 1 0
github.com/Shobhitdimri01/envgaurd/envgaurd.go:246.14,248.18 2 0
github.com/Shobhitdimri01/envgaurd/envgaurd.go:248.18,250.4 1 0
github.com/Shobhitdimri01/envgaurd/envgaurd.go:251.3,251.62 1 0
github.com/Shobhitdimri01/envgaurd/envgaurd.go:252.26,253.15 1 0
github.com/Shobhitdimri01/envgaurd/envgaurd.go:254.10,255.18 1 0
github.com/Shobhitdimri01/envgaurd/envgaurd.go:259.33,261.2 1 1
github.com/Shobhitdimri01/envgaurd/internal/utils/utils.go:10.74,14.32 4 0
github.com/Shobhitdimri01/envgaurd/internal/utils/utils.go:14.32,20.10 6 0
github.com/Shobhitdimri01/envgaurd/internal/utils/utils.go:20.10,21.90 1 0
github.com/Shobhitdimri01/envgaurd/internal/utils/utils.go:23.3,24.17 2 0
github.com/Shobhitdimri01/envgaurd/internal/utils/utils.go:26.2,27.24 2 0
github.com/Shobhitdimri01/envgaurd/internal/utils/utils.go:30.42,33.30 2 1
github.com/Shobhitdimri01/envgaurd/internal/utils/utils.go:33.30,34.34 1 1
github.com/Shobhitdimri01/envgaurd/internal/utils/utils.go:34.34,36.4 1 1
github.com/Shobhitdimri01/envgaurd/internal/utils/utils.go:37.3,37.31 1 1
github.com/Shobhitdimri01/envgaurd/internal/utils/utils.go:37.31,39.4 1 0
github.com/Shobhitdimri01/envgaurd/internal/utils/utils.go:41.2,41.29 1 1
github.com/Shobhitdimri01/envgaurd/internal/validate/parse.go:14.65,16.16 2 1
github.com/Shobhitdimri01/envgaurd/internal/validate/parse.go:16.16,18.3 1 0
github.com/Shobhitdimri01/envgaurd/internal/validate/parse.go:19.2,22.21 3 1
github.com/Shobhitdimri01/envgaurd/internal/validate/parse.go:22.21,24.49 2 1
github.com/Shobhitdimri01/envgaurd/internal/validate/parse.go:24.49,25.12 1 1
github.com/Shobhitdimri01/envgaurd/internal/validate/parse.go:28.3,29.22 2 1
github.com/Shobhitdimri01/envgaurd/internal/validate/parse.go:29.22,30.12 1 0
github.com/Shobhitdimri01/envgaurd/internal/validate/parse.go:32.3,36.16 4 1
github.com/Shobhitdimri01/envgaurd/internal/validate/parse.go:38.2,38.38 1 1
github.com/Shobhitdimri01/envgaurd/internal/validate/parse.go:38.38,40.3 1 0
github.com/Shobhitdimri01/envgaurd/internal/validate/parse.go:41.2,41.12 1 1
github.com/Shobhitdimri01/envgaurd/internal/validate/parse.go:44.52,46.9 2 0
github.com/Shobhitdimri01/envgaurd/internal/validate/parse.go:46.9,48.3 1 0
github.com/Shobhitdimri01/envgaurd/internal/validate/parse.go:49.2,50.26 2 0
github.com/Shobhitdimri01/envgaurd/internal/validate/parse.go:50.26,52.3 1 0
github.com/Shobhitdimri01/envgaurd/internal/validate/parse.go:53.2,55.25 3 0
github.com/Shobhitdimri01/envgaurd/internal/validate/parse.go:58.50,60.9 2 0
github.com/Shobhitdimri01/envgaurd/internal/validate/parse.go:60.9,62.3 1 0
github.com/Shobhitdimri01/envgaurd/internal/validate/parse.go:63.2,64.26 2 0
github.com/Shobhitdimri01/envgaurd/internal/validate/parse.go:64.26,66.3 1 0
github.com/Shobhitdimri01/envgaurd/internal/validate/parse.go:67.2,69.32 2 0
github.com/Shobhitdimri01/envgaurd/internal/validate/parse.go:69.32,71.17 2 0
github.com/Shobhitdimri01/envgaurd/internal/validate/parse.go:71.17,72.12 1 0
github.com/Shobhitdimri01/envgaurd/internal/validate/parse.go:74.3,74.37 1 0
github.com/Shobhitdimri01/envgaurd/internal/validate/parse.go:76.2,76.23 1 0
github.com/Shobhitdimri01/envgaurd/internal/validate/parse.go:79.59,82.16 3 0
github.com/Shobhitdimri01/envgaurd/internal/validate/parse.go:82.16,84.3 1 0
github.com/Shobhitdimri01/envgaurd/internal/validate/parse.go:85.2,85.21 1 0
github.com/Shobhitdimri01/envgaurd/internal/validate/validate.go:9.42,10.20 1 0
github.com/Shobhitdimri01/envgaurd/internal/validate/validate.go:11.11,13.17 2 0
github.com/Shobhitdimri01/envgaurd/internal/validate/validate.go:13.17,14.49 1 0
github.com/Shobhitdimri01/envgaurd/internal/validate/validate.go:16.3,16.13 1 0
github.com/Shobhitdimri01/envgaurd/internal/validate/validate.go:17.12,19.17 2 0
github.com/Shobhitdimri01/envgaurd/internal/validate/validate.go:19.17,20.49 1 0
github.com/Shobhitdimri01/envgaurd/internal/validate/validate.go:22.3,22.13 1 0
github.com/Shobhitdimri01/envgaurd/internal/validate/validate.go:23.14,24.15 1 0
github.com/Shobhitdimri01/envgaurd/internal/validate/validate.go:25.15,27.17 2 0
github.com/Shobhitdimri01/envgaurd/internal/validate/validate.go:27.17,28.48 1 0
github.com/Shobhitdimri01/envgaurd/internal/validate/validate.go:30.3,30.13 1 0
github.com/Shobhitdimri01/envgaurd/internal/validate/validate.go:31.16,33.17 2 0
github.com/Shobhitdimri01/envgaurd/internal/validate/validate.go:33.17,34.22 1 0
github.com/Shobhitdimri01/envgaurd/internal/validate/validate.go:36.3,36.13 1 0
github.com/Shobhitdimri01/envgaurd/internal/validate/validate.go:37.13,39.17 2 0
github.com/Shobhitdimri01/envgaurd/internal/validate/validate.go:39.17,40.22 1 0
github.com/Shobhitdimri01/envgaurd/internal/validate/validate.go:42.3,42.13 1 0
github.com/Shobhitdimri01/envgaurd/internal/validate/validate.go:43.22,45.17 2 0
github.com/Shobhitdimri01/envgaurd/internal/validate/validate.go:45.17,46.14 1 0
github.com/Shobhitdimri01/envgaurd/internal/validate/validate.go:48.3,48.13 1 0
github.com/Shobhitdimri01/envgaurd/internal/validate/validate.go:49.10,50.66 1 0
